The system is: Darwin - 24.6.0 - arm64
Compiling the CXX compiler identification source file "CMakeCXXCompilerId.cpp" succeeded.
Compiler: /Library/Developer/CommandLineTools/usr/bin/c++ 
Build flags: 
Id flags: -c 

The output was:
0


Compilation of the CXX compiler identification source "CMakeCXXCompilerId.cpp" produced "CMakeCXXCompilerId.o"

The CXX compiler identification is AppleClang, found in "/Users/sunix/Documents/Hotel-RoomBooking-Management-System_OOP-Project_HCMUS/duckz/CMakeFiles/3.25.2/CompilerIdCXX/CMakeCXXCompilerId.o"

Detecting CXX compiler ABI info compiled with the following output:
Change Dir: /Users/sunix/Documents/Hotel-RoomBooking-Management-System_OOP-Project_HCMUS/duckz/CMakeFiles/CMakeScratch/TryCompile-QPpq5d

Run Build Command(s):/usr/bin/make -f Makefile cmTC_0bef9/fast && /Library/Developer/CommandLineTools/usr/bin/make  -f CMakeFiles/cmTC_0bef9.dir/build.make CMakeFiles/cmTC_0bef9.dir/build
Building CXX object CMakeFiles/cmTC_0bef9.dir/CMakeCXXCompilerABI.cpp.o
/Library/Developer/CommandLineTools/usr/bin/c++   -arch arm64 -isysroot /Library/Developer/CommandLineTools/SDKs/MacOSX15.5.sdk   -v -Wl,-v -MD -MT CMakeFiles/cmTC_0bef9.dir/CMakeCXXCompilerABI.cpp.o -MF CMakeFiles/cmTC_0bef9.dir/CMakeCXXCompilerABI.cpp.o.d -o CMakeFiles/cmTC_0bef9.dir/CMakeCXXCompilerABI.cpp.o -c /Users/sunix/miniconda3/lib/python3.13/site-packages/cmake/data/share/cmake-3.25/Modules/CMakeCXXCompilerABI.cpp
Apple clang version 17.0.0 (clang-1700.0.13.5)
Target: arm64-apple-darwin24.6.0
Thread model: posix
InstalledDir: /Library/Developer/CommandLineTools/usr/bin
c++: warning: -Wl,-v: 'linker' input unused [-Wunused-command-line-argument]
ignoring nonexistent directory "/Library/Developer/CommandLineTools/usr/bin/../include/c++/v1"
 "/Library/Developer/CommandLineTools/usr/bin/clang" -cc1 -triple arm64-apple-macosx15.0.0 -Wundef-prefix=TARGET_OS_ -Wdeprecated-objc-isa-usage -Werror=deprecated-objc-isa-usage -Werror=implicit-function-declaration -emit-obj -disable-free -clear-ast-before-backend -disable-llvm-verifier -discard-value-names -main-file-name CMakeCXXCompilerABI.cpp -mrelocation-model pic -pic-level 2 -mframe-pointer=non-leaf -fno-strict-return -ffp-contract=on -fno-rounding-math -funwind-tables=1 -fobjc-msgsend-selector-stubs -target-sdk-version=15.5 -fvisibility-inlines-hidden-static-local-var -fdefine-target-os-macros -fno-assume-unique-vtables -fno-modulemap-allow-subdirectory-search -target-cpu apple-m1 -target-feature +zcm -target-feature +zcz -target-feature +v8.5a -target-feature +aes -target-feature +altnzcv -target-feature +ccdp -target-feature +complxnum -target-feature +crc -target-feature +dotprod -target-feature +fp-armv8 -target-feature +fp16fml -target-feature +fptoint -target-feature +fullfp16 -target-feature +jsconv -target-feature +lse -target-feature +neon -target-feature +pauth -target-feature +perfmon -target-feature +predres -target-feature +ras -target-feature +rcpc -target-feature +rdm -target-feature +sb -target-feature +sha2 -target-feature +sha3 -target-feature +specrestrict -target-feature +ssbs -target-abi darwinpcs -debugger-tuning=lldb -fdebug-compilation-dir=/Users/sunix/Documents/Hotel-RoomBooking-Management-System_OOP-Project_HCMUS/duckz/CMakeFiles/CMakeScratch/TryCompile-QPpq5d -target-linker-version 1167.5 -v -fcoverage-compilation-dir=/Users/sunix/Documents/Hotel-RoomBooking-Management-System_OOP-Project_HCMUS/duckz/CMakeFiles/CMakeScratch/TryCompile-QPpq5d -resource-dir /Library/Developer/CommandLineTools/usr/lib/clang/17 -dependency-file CMakeFiles/cmTC_0bef9.dir/CMakeCXXCompilerABI.cpp.o.d -skip-unused-modulemap-deps -MT CMakeFiles/cmTC_0bef9.dir/CMakeCXXCompilerABI.cpp.o -sys-header-deps -isysroot /Library/Developer/CommandLineTools/SDKs/MacOSX15.5.sdk -internal-isystem /Library/Developer/CommandLineTools/SDKs/MacOSX15.5.sdk/usr/include/c++/v1 -internal-isystem /Library/Developer/CommandLineTools/SDKs/MacOSX15.5.sdk/usr/local/include -internal-isystem /Library/Developer/CommandLineTools/usr/lib/clang/17/include -internal-externc-isystem /Library/Developer/CommandLineTools/SDKs/MacOSX15.5.sdk/usr/include -internal-externc-isystem /Library/Developer/CommandLineTools/usr/include -Wno-reorder-init-list -Wno-implicit-int-float-conversion -Wno-c99-designator -Wno-final-dtor-non-final-class -Wno-extra-semi-stmt -Wno-misleading-indentation -Wno-quoted-include-in-framework-header -Wno-implicit-fallthrough -Wno-enum-enum-conversion -Wno-enum-float-conversion -Wno-elaborated-enum-base -Wno-reserved-identifier -Wno-gnu-folding-constant -fdeprecated-macro -ferror-limit 19 -stack-protector 1 -fstack-check -mdarwin-stkchk-strong-link -fblocks -fencode-extended-block-signature -fregister-global-dtors-with-atexit -fgnuc-version=4.2.1 -fno-cxx-modules -fskip-odr-check-in-gmf -fcxx-exceptions -fexceptions -fmax-type-align=16 -fcommon -clang-vendor-feature=+disableNonDependentMemberExprInCurrentInstantiation -fno-odr-hash-protocols -clang-vendor-feature=+enableAggressiveVLAFolding -clang-vendor-feature=+revert09abecef7bbf -clang-vendor-feature=+thisNoAlignAttr -clang-vendor-feature=+thisNoNullAttr -clang-vendor-feature=+disableAtImportPrivateFrameworkInImplementationError -D__GCC_HAVE_DWARF2_CFI_ASM=1 -o CMakeFiles/cmTC_0bef9.dir/CMakeCXXCompilerABI.cpp.o -x c++ /Users/sunix/miniconda3/lib/python3.13/site-packages/cmake/data/share/cmake-3.25/Modules/CMakeCXXCompilerABI.cpp
clang -cc1 version 17.0.0 (clang-1700.0.13.5) default target arm64-apple-darwin24.6.0
ignoring nonexistent directory "/Library/Developer/CommandLineTools/SDKs/MacOSX15.5.sdk/usr/local/include"
ignoring nonexistent directory "/Library/Developer/CommandLineTools/SDKs/MacOSX15.5.sdk/System/Library/SubFrameworks"
ignoring nonexistent directory "/Library/Developer/CommandLineTools/SDKs/MacOSX15.5.sdk/Library/Frameworks"
#include "..." search starts here:
#include <...> search starts here:
 /Library/Developer/CommandLineTools/SDKs/MacOSX15.5.sdk/usr/include/c++/v1
 /Library/Developer/CommandLineTools/usr/lib/clang/17/include
 /Library/Developer/CommandLineTools/SDKs/MacOSX15.5.sdk/usr/include
 /Library/Developer/CommandLineTools/usr/include
 /Library/Developer/CommandLineTools/SDKs/MacOSX15.5.sdk/System/Library/Frameworks (framework directory)
End of search list.
Linking CXX executable cmTC_0bef9
/Users/sunix/miniconda3/lib/python3.13/site-packages/cmake/data/bin/cmake -E cmake_link_script CMakeFiles/cmTC_0bef9.dir/link.txt --verbose=1
/Library/Developer/CommandLineTools/usr/bin/c++  -arch arm64 -isysroot /Library/Developer/CommandLineTools/SDKs/MacOSX15.5.sdk -Wl,-search_paths_first -Wl,-headerpad_max_install_names  -v -Wl,-v CMakeFiles/cmTC_0bef9.dir/CMakeCXXCompilerABI.cpp.o -o cmTC_0bef9 
Apple clang version 17.0.0 (clang-1700.0.13.5)
Target: arm64-apple-darwin24.6.0
Thread model: posix
InstalledDir: /Library/Developer/CommandLineTools/usr/bin
 "/Library/Developer/CommandLineTools/usr/bin/ld" -demangle -lto_library /Library/Developer/CommandLineTools/usr/lib/libLTO.dylib -dynamic -arch arm64 -platform_version macos 15.0.0 15.5 -syslibroot /Library/Developer/CommandLineTools/SDKs/MacOSX15.5.sdk -mllvm -enable-linkonceodr-outlining -o cmTC_0bef9 -search_paths_first -headerpad_max_install_names -v CMakeFiles/cmTC_0bef9.dir/CMakeCXXCompilerABI.cpp.o -lc++ -lSystem /Library/Developer/CommandLineTools/usr/lib/clang/17/lib/darwin/libclang_rt.osx.a
@(#)PROGRAM:ld PROJECT:ld-1167.5
BUILD 01:45:05 Apr 30 2025
configured to support archs: armv6 armv7 armv7s arm64 arm64e arm64_32 i386 x86_64 x86_64h armv6m armv7k armv7m armv7em
will use ld-classic for: armv6 armv7 armv7s i386 armv6m armv7k armv7m armv7em
LTO support using: LLVM version 17.0.0 (static support for 29, runtime is 29)
TAPI support using: Apple TAPI version 17.0.0 (tapi-1700.0.3.5)
Library search paths:
	/Library/Developer/CommandLineTools/SDKs/MacOSX15.5.sdk/usr/lib
	/Library/Developer/CommandLineTools/SDKs/MacOSX15.5.sdk/usr/lib/swift
Framework search paths:
	/Library/Developer/CommandLineTools/SDKs/MacOSX15.5.sdk/System/Library/Frameworks



Parsed CXX implicit include dir info from above output: rv=done
  found start of include info
  found start of implicit include info
    add: [/Library/Developer/CommandLineTools/SDKs/MacOSX15.5.sdk/usr/include/c++/v1]
    add: [/Library/Developer/CommandLineTools/usr/lib/clang/17/include]
    add: [/Library/Developer/CommandLineTools/SDKs/MacOSX15.5.sdk/usr/include]
    add: [/Library/Developer/CommandLineTools/usr/include]
  end of search list found
  collapse include dir [/Library/Developer/CommandLineTools/SDKs/MacOSX15.5.sdk/usr/include/c++/v1] ==> [/Library/Developer/CommandLineTools/SDKs/MacOSX15.5.sdk/usr/include/c++/v1]
  collapse include dir [/Library/Developer/CommandLineTools/usr/lib/clang/17/include] ==> [/Library/Developer/CommandLineTools/usr/lib/clang/17/include]
  collapse include dir [/Library/Developer/CommandLineTools/SDKs/MacOSX15.5.sdk/usr/include] ==> [/Library/Developer/CommandLineTools/SDKs/MacOSX15.5.sdk/usr/include]
  collapse include dir [/Library/Developer/CommandLineTools/usr/include] ==> [/Library/Developer/CommandLineTools/usr/include]
  implicit include dirs: [/Library/Developer/CommandLineTools/SDKs/MacOSX15.5.sdk/usr/include/c++/v1;/Library/Developer/CommandLineTools/usr/lib/clang/17/include;/Library/Developer/CommandLineTools/SDKs/MacOSX15.5.sdk/usr/include;/Library/Developer/CommandLineTools/usr/include]


Parsed CXX implicit link information from above output:
  link line regex: [^( *|.*[/\])(ld|CMAKE_LINK_STARTFILE-NOTFOUND|([^/\]+-)?ld|collect2)[^/\]*( |$)]
  ignore line: [Change Dir: /Users/sunix/Documents/Hotel-RoomBooking-Management-System_OOP-Project_HCMUS/duckz/CMakeFiles/CMakeScratch/TryCompile-QPpq5d]
  ignore line: []
  ignore line: [Run Build Command(s):/usr/bin/make -f Makefile cmTC_0bef9/fast && /Library/Developer/CommandLineTools/usr/bin/make  -f CMakeFiles/cmTC_0bef9.dir/build.make CMakeFiles/cmTC_0bef9.dir/build]
  ignore line: [Building CXX object CMakeFiles/cmTC_0bef9.dir/CMakeCXXCompilerABI.cpp.o]
  ignore line: [/Library/Developer/CommandLineTools/usr/bin/c++   -arch arm64 -isysroot /Library/Developer/CommandLineTools/SDKs/MacOSX15.5.sdk   -v -Wl -v -MD -MT CMakeFiles/cmTC_0bef9.dir/CMakeCXXCompilerABI.cpp.o -MF CMakeFiles/cmTC_0bef9.dir/CMakeCXXCompilerABI.cpp.o.d -o CMakeFiles/cmTC_0bef9.dir/CMakeCXXCompilerABI.cpp.o -c /Users/sunix/miniconda3/lib/python3.13/site-packages/cmake/data/share/cmake-3.25/Modules/CMakeCXXCompilerABI.cpp]
  ignore line: [Apple clang version 17.0.0 (clang-1700.0.13.5)]
  ignore line: [Target: arm64-apple-darwin24.6.0]
  ignore line: [Thread model: posix]
  ignore line: [InstalledDir: /Library/Developer/CommandLineTools/usr/bin]
  ignore line: [c++: warning: -Wl -v: 'linker' input unused [-Wunused-command-line-argument]]
  ignore line: [ignoring nonexistent directory "/Library/Developer/CommandLineTools/usr/bin/../include/c++/v1"]
  ignore line: [ "/Library/Developer/CommandLineTools/usr/bin/clang" -cc1 -triple arm64-apple-macosx15.0.0 -Wundef-prefix=TARGET_OS_ -Wdeprecated-objc-isa-usage -Werror=deprecated-objc-isa-usage -Werror=implicit-function-declaration -emit-obj -disable-free -clear-ast-before-backend -disable-llvm-verifier -discard-value-names -main-file-name CMakeCXXCompilerABI.cpp -mrelocation-model pic -pic-level 2 -mframe-pointer=non-leaf -fno-strict-return -ffp-contract=on -fno-rounding-math -funwind-tables=1 -fobjc-msgsend-selector-stubs -target-sdk-version=15.5 -fvisibility-inlines-hidden-static-local-var -fdefine-target-os-macros -fno-assume-unique-vtables -fno-modulemap-allow-subdirectory-search -target-cpu apple-m1 -target-feature +zcm -target-feature +zcz -target-feature +v8.5a -target-feature +aes -target-feature +altnzcv -target-feature +ccdp -target-feature +complxnum -target-feature +crc -target-feature +dotprod -target-feature +fp-armv8 -target-feature +fp16fml -target-feature +fptoint -target-feature +fullfp16 -target-feature +jsconv -target-feature +lse -target-feature +neon -target-feature +pauth -target-feature +perfmon -target-feature +predres -target-feature +ras -target-feature +rcpc -target-feature +rdm -target-feature +sb -target-feature +sha2 -target-feature +sha3 -target-feature +specrestrict -target-feature +ssbs -target-abi darwinpcs -debugger-tuning=lldb -fdebug-compilation-dir=/Users/sunix/Documents/Hotel-RoomBooking-Management-System_OOP-Project_HCMUS/duckz/CMakeFiles/CMakeScratch/TryCompile-QPpq5d -target-linker-version 1167.5 -v -fcoverage-compilation-dir=/Users/sunix/Documents/Hotel-RoomBooking-Management-System_OOP-Project_HCMUS/duckz/CMakeFiles/CMakeScratch/TryCompile-QPpq5d -resource-dir /Library/Developer/CommandLineTools/usr/lib/clang/17 -dependency-file CMakeFiles/cmTC_0bef9.dir/CMakeCXXCompilerABI.cpp.o.d -skip-unused-modulemap-deps -MT CMakeFiles/cmTC_0bef9.dir/CMakeCXXCompilerABI.cpp.o -sys-header-deps -isysroot /Library/Developer/CommandLineTools/SDKs/MacOSX15.5.sdk -internal-isystem /Library/Developer/CommandLineTools/SDKs/MacOSX15.5.sdk/usr/include/c++/v1 -internal-isystem /Library/Developer/CommandLineTools/SDKs/MacOSX15.5.sdk/usr/local/include -internal-isystem /Library/Developer/CommandLineTools/usr/lib/clang/17/include -internal-externc-isystem /Library/Developer/CommandLineTools/SDKs/MacOSX15.5.sdk/usr/include -internal-externc-isystem /Library/Developer/CommandLineTools/usr/include -Wno-reorder-init-list -Wno-implicit-int-float-conversion -Wno-c99-designator -Wno-final-dtor-non-final-class -Wno-extra-semi-stmt -Wno-misleading-indentation -Wno-quoted-include-in-framework-header -Wno-implicit-fallthrough -Wno-enum-enum-conversion -Wno-enum-float-conversion -Wno-elaborated-enum-base -Wno-reserved-identifier -Wno-gnu-folding-constant -fdeprecated-macro -ferror-limit 19 -stack-protector 1 -fstack-check -mdarwin-stkchk-strong-link -fblocks -fencode-extended-block-signature -fregister-global-dtors-with-atexit -fgnuc-version=4.2.1 -fno-cxx-modules -fskip-odr-check-in-gmf -fcxx-exceptions -fexceptions -fmax-type-align=16 -fcommon -clang-vendor-feature=+disableNonDependentMemberExprInCurrentInstantiation -fno-odr-hash-protocols -clang-vendor-feature=+enableAggressiveVLAFolding -clang-vendor-feature=+revert09abecef7bbf -clang-vendor-feature=+thisNoAlignAttr -clang-vendor-feature=+thisNoNullAttr -clang-vendor-feature=+disableAtImportPrivateFrameworkInImplementationError -D__GCC_HAVE_DWARF2_CFI_ASM=1 -o CMakeFiles/cmTC_0bef9.dir/CMakeCXXCompilerABI.cpp.o -x c++ /Users/sunix/miniconda3/lib/python3.13/site-packages/cmake/data/share/cmake-3.25/Modules/CMakeCXXCompilerABI.cpp]
  ignore line: [clang -cc1 version 17.0.0 (clang-1700.0.13.5) default target arm64-apple-darwin24.6.0]
  ignore line: [ignoring nonexistent directory "/Library/Developer/CommandLineTools/SDKs/MacOSX15.5.sdk/usr/local/include"]
  ignore line: [ignoring nonexistent directory "/Library/Developer/CommandLineTools/SDKs/MacOSX15.5.sdk/System/Library/SubFrameworks"]
  ignore line: [ignoring nonexistent directory "/Library/Developer/CommandLineTools/SDKs/MacOSX15.5.sdk/Library/Frameworks"]
  ignore line: [#include "..." search starts here:]
  ignore line: [#include <...> search starts here:]
  ignore line: [ /Library/Developer/CommandLineTools/SDKs/MacOSX15.5.sdk/usr/include/c++/v1]
  ignore line: [ /Library/Developer/CommandLineTools/usr/lib/clang/17/include]
  ignore line: [ /Library/Developer/CommandLineTools/SDKs/MacOSX15.5.sdk/usr/include]
  ignore line: [ /Library/Developer/CommandLineTools/usr/include]
  ignore line: [ /Library/Developer/CommandLineTools/SDKs/MacOSX15.5.sdk/System/Library/Frameworks (framework directory)]
  ignore line: [End of search list.]
  ignore line: [Linking CXX executable cmTC_0bef9]
  ignore line: [/Users/sunix/miniconda3/lib/python3.13/site-packages/cmake/data/bin/cmake -E cmake_link_script CMakeFiles/cmTC_0bef9.dir/link.txt --verbose=1]
  ignore line: [/Library/Developer/CommandLineTools/usr/bin/c++  -arch arm64 -isysroot /Library/Developer/CommandLineTools/SDKs/MacOSX15.5.sdk -Wl -search_paths_first -Wl -headerpad_max_install_names  -v -Wl -v CMakeFiles/cmTC_0bef9.dir/CMakeCXXCompilerABI.cpp.o -o cmTC_0bef9 ]
  ignore line: [Apple clang version 17.0.0 (clang-1700.0.13.5)]
  ignore line: [Target: arm64-apple-darwin24.6.0]
  ignore line: [Thread model: posix]
  ignore line: [InstalledDir: /Library/Developer/CommandLineTools/usr/bin]
  link line: [ "/Library/Developer/CommandLineTools/usr/bin/ld" -demangle -lto_library /Library/Developer/CommandLineTools/usr/lib/libLTO.dylib -dynamic -arch arm64 -platform_version macos 15.0.0 15.5 -syslibroot /Library/Developer/CommandLineTools/SDKs/MacOSX15.5.sdk -mllvm -enable-linkonceodr-outlining -o cmTC_0bef9 -search_paths_first -headerpad_max_install_names -v CMakeFiles/cmTC_0bef9.dir/CMakeCXXCompilerABI.cpp.o -lc++ -lSystem /Library/Developer/CommandLineTools/usr/lib/clang/17/lib/darwin/libclang_rt.osx.a]
    arg [/Library/Developer/CommandLineTools/usr/bin/ld] ==> ignore
    arg [-demangle] ==> ignore
    arg [-lto_library] ==> ignore, skip following value
    arg [/Library/Developer/CommandLineTools/usr/lib/libLTO.dylib] ==> skip value of -lto_library
    arg [-dynamic] ==> ignore
    arg [-arch] ==> ignore
    arg [arm64] ==> ignore
    arg [-platform_version] ==> ignore
    arg [macos] ==> ignore
    arg [15.0.0] ==> ignore
    arg [15.5] ==> ignore
    arg [-syslibroot] ==> ignore
    arg [/Library/Developer/CommandLineTools/SDKs/MacOSX15.5.sdk] ==> ignore
    arg [-mllvm] ==> ignore
    arg [-enable-linkonceodr-outlining] ==> ignore
    arg [-o] ==> ignore
    arg [cmTC_0bef9] ==> ignore
    arg [-search_paths_first] ==> ignore
    arg [-headerpad_max_install_names] ==> ignore
    arg [-v] ==> ignore
    arg [CMakeFiles/cmTC_0bef9.dir/CMakeCXXCompilerABI.cpp.o] ==> ignore
    arg [-lc++] ==> lib [c++]
    arg [-lSystem] ==> lib [System]
    arg [/Library/Developer/CommandLineTools/usr/lib/clang/17/lib/darwin/libclang_rt.osx.a] ==> lib [/Library/Developer/CommandLineTools/usr/lib/clang/17/lib/darwin/libclang_rt.osx.a]
  Library search paths: [;/Library/Developer/CommandLineTools/SDKs/MacOSX15.5.sdk/usr/lib;/Library/Developer/CommandLineTools/SDKs/MacOSX15.5.sdk/usr/lib/swift]
  Framework search paths: [;/Library/Developer/CommandLineTools/SDKs/MacOSX15.5.sdk/System/Library/Frameworks]
  remove lib [System]
  remove lib [/Library/Developer/CommandLineTools/usr/lib/clang/17/lib/darwin/libclang_rt.osx.a]
  collapse library dir [/Library/Developer/CommandLineTools/SDKs/MacOSX15.5.sdk/usr/lib] ==> [/Library/Developer/CommandLineTools/SDKs/MacOSX15.5.sdk/usr/lib]
  collapse library dir [/Library/Developer/CommandLineTools/SDKs/MacOSX15.5.sdk/usr/lib/swift] ==> [/Library/Developer/CommandLineTools/SDKs/MacOSX15.5.sdk/usr/lib/swift]
  collapse framework dir [/Library/Developer/CommandLineTools/SDKs/MacOSX15.5.sdk/System/Library/Frameworks] ==> [/Library/Developer/CommandLineTools/SDKs/MacOSX15.5.sdk/System/Library/Frameworks]
  implicit libs: [c++]
  implicit objs: []
  implicit dirs: [/Library/Developer/CommandLineTools/SDKs/MacOSX15.5.sdk/usr/lib;/Library/Developer/CommandLineTools/SDKs/MacOSX15.5.sdk/usr/lib/swift]
  implicit fwks: [/Library/Developer/CommandLineTools/SDKs/MacOSX15.5.sdk/System/Library/Frameworks]


Performing C++ SOURCE FILE Test CMAKE_HAVE_LIBC_PTHREAD succeeded with the following output:
Change Dir: /Users/sunix/Documents/Hotel-RoomBooking-Management-System_OOP-Project_HCMUS/duckz/CMakeFiles/CMakeScratch/TryCompile-J4jQj4

Run Build Command(s):/usr/bin/make -f Makefile cmTC_da9f4/fast && /Library/Developer/CommandLineTools/usr/bin/make  -f CMakeFiles/cmTC_da9f4.dir/build.make CMakeFiles/cmTC_da9f4.dir/build
Building CXX object CMakeFiles/cmTC_da9f4.dir/src.cxx.o
/Library/Developer/CommandLineTools/usr/bin/c++ -DCMAKE_HAVE_LIBC_PTHREAD  -arch arm64 -isysroot /Library/Developer/CommandLineTools/SDKs/MacOSX15.5.sdk -std=gnu++17 -MD -MT CMakeFiles/cmTC_da9f4.dir/src.cxx.o -MF CMakeFiles/cmTC_da9f4.dir/src.cxx.o.d -o CMakeFiles/cmTC_da9f4.dir/src.cxx.o -c /Users/sunix/Documents/Hotel-RoomBooking-Management-System_OOP-Project_HCMUS/duckz/CMakeFiles/CMakeScratch/TryCompile-J4jQj4/src.cxx
Linking CXX executable cmTC_da9f4
/Users/sunix/miniconda3/lib/python3.13/site-packages/cmake/data/bin/cmake -E cmake_link_script CMakeFiles/cmTC_da9f4.dir/link.txt --verbose=1
/Library/Developer/CommandLineTools/usr/bin/c++  -arch arm64 -isysroot /Library/Developer/CommandLineTools/SDKs/MacOSX15.5.sdk -Wl,-search_paths_first -Wl,-headerpad_max_install_names CMakeFiles/cmTC_da9f4.dir/src.cxx.o -o cmTC_da9f4 


Source file was:
#include <pthread.h>

static void* test_func(void* data)
{
  return data;
}

int main(void)
{
  pthread_t thread;
  pthread_create(&thread, NULL, test_func, NULL);
  pthread_detach(thread);
  pthread_cancel(thread);
  pthread_join(thread, NULL);
  pthread_atfork(NULL, NULL, NULL);
  pthread_exit(NULL);

  return 0;
}


Performing C++ SOURCE FILE Test HAVE_STDATOMIC succeeded with the following output:
Change Dir: /Users/sunix/Documents/Hotel-RoomBooking-Management-System_OOP-Project_HCMUS/duckz/CMakeFiles/CMakeScratch/TryCompile-cckN9B

Run Build Command(s):/usr/bin/make -f Makefile cmTC_30042/fast && /Library/Developer/CommandLineTools/usr/bin/make  -f CMakeFiles/cmTC_30042.dir/build.make CMakeFiles/cmTC_30042.dir/build
Building CXX object CMakeFiles/cmTC_30042.dir/src.cxx.o
/Library/Developer/CommandLineTools/usr/bin/c++ -DHAVE_STDATOMIC  -arch arm64 -isysroot /Library/Developer/CommandLineTools/SDKs/MacOSX15.5.sdk -std=gnu++17 -MD -MT CMakeFiles/cmTC_30042.dir/src.cxx.o -MF CMakeFiles/cmTC_30042.dir/src.cxx.o.d -o CMakeFiles/cmTC_30042.dir/src.cxx.o -c /Users/sunix/Documents/Hotel-RoomBooking-Management-System_OOP-Project_HCMUS/duckz/CMakeFiles/CMakeScratch/TryCompile-cckN9B/src.cxx
Linking CXX executable cmTC_30042
/Users/sunix/miniconda3/lib/python3.13/site-packages/cmake/data/bin/cmake -E cmake_link_script CMakeFiles/cmTC_30042.dir/link.txt --verbose=1
/Library/Developer/CommandLineTools/usr/bin/c++  -arch arm64 -isysroot /Library/Developer/CommandLineTools/SDKs/MacOSX15.5.sdk -Wl,-search_paths_first -Wl,-headerpad_max_install_names CMakeFiles/cmTC_30042.dir/src.cxx.o -o cmTC_30042 


Source file was:
#include <atomic>
#include <cstdint>

int main(int, char **)
{
    volatile std::atomic<char>    size_1;
    volatile std::atomic<short>   size_2;
    volatile std::atomic<int>     size_4;
    volatile std::atomic<int64_t> size_8;

    ++size_1;
    ++size_2;
    ++size_4;
    ++size_8;

    (void)size_1.load(std::memory_order_relaxed);
    (void)size_2.load(std::memory_order_relaxed);
    (void)size_4.load(std::memory_order_relaxed);
    (void)size_8.load(std::memory_order_relaxed);

    return 0;
}

The system is: Darwin - 24.6.0 - arm64
Compiling the CXX compiler identification source file "CMakeCXXCompilerId.cpp" succeeded.
Compiler: /Library/Developer/CommandLineTools/usr/bin/c++ 
Build flags: 
Id flags: -c 

The output was:
0


Compilation of the CXX compiler identification source "CMakeCXXCompilerId.cpp" produced "CMakeCXXCompilerId.o"

The CXX compiler identification is AppleClang, found in "/Users/sunix/Documents/Hotel-RoomBooking-Management-System_OOP-Project_HCMUS/duckz/CMakeFiles/3.25.2/CompilerIdCXX/CMakeCXXCompilerId.o"

Detecting CXX compiler ABI info compiled with the following output:
Change Dir: /Users/sunix/Documents/Hotel-RoomBooking-Management-System_OOP-Project_HCMUS/duckz/CMakeFiles/CMakeScratch/TryCompile-D4rEKa

Run Build Command(s):/usr/bin/make -f Makefile cmTC_9385b/fast && /Library/Developer/CommandLineTools/usr/bin/make  -f CMakeFiles/cmTC_9385b.dir/build.make CMakeFiles/cmTC_9385b.dir/build
Building CXX object CMakeFiles/cmTC_9385b.dir/CMakeCXXCompilerABI.cpp.o
/Library/Developer/CommandLineTools/usr/bin/c++   -arch arm64 -isysroot /Library/Developer/CommandLineTools/SDKs/MacOSX15.5.sdk   -v -Wl,-v -MD -MT CMakeFiles/cmTC_9385b.dir/CMakeCXXCompilerABI.cpp.o -MF CMakeFiles/cmTC_9385b.dir/CMakeCXXCompilerABI.cpp.o.d -o CMakeFiles/cmTC_9385b.dir/CMakeCXXCompilerABI.cpp.o -c /Users/sunix/miniconda3/lib/python3.13/site-packages/cmake/data/share/cmake-3.25/Modules/CMakeCXXCompilerABI.cpp
Apple clang version 17.0.0 (clang-1700.0.13.5)
Target: arm64-apple-darwin24.6.0
Thread model: posix
InstalledDir: /Library/Developer/CommandLineTools/usr/bin
c++: warning: -Wl,-v: 'linker' input unused [-Wunused-command-line-argument]
ignoring nonexistent directory "/Library/Developer/CommandLineTools/usr/bin/../include/c++/v1"
 "/Library/Developer/CommandLineTools/usr/bin/clang" -cc1 -triple arm64-apple-macosx15.0.0 -Wundef-prefix=TARGET_OS_ -Wdeprecated-objc-isa-usage -Werror=deprecated-objc-isa-usage -Werror=implicit-function-declaration -emit-obj -disable-free -clear-ast-before-backend -disable-llvm-verifier -discard-value-names -main-file-name CMakeCXXCompilerABI.cpp -mrelocation-model pic -pic-level 2 -mframe-pointer=non-leaf -fno-strict-return -ffp-contract=on -fno-rounding-math -funwind-tables=1 -fobjc-msgsend-selector-stubs -target-sdk-version=15.5 -fvisibility-inlines-hidden-static-local-var -fdefine-target-os-macros -fno-assume-unique-vtables -fno-modulemap-allow-subdirectory-search -target-cpu apple-m1 -target-feature +zcm -target-feature +zcz -target-feature +v8.5a -target-feature +aes -target-feature +altnzcv -target-feature +ccdp -target-feature +complxnum -target-feature +crc -target-feature +dotprod -target-feature +fp-armv8 -target-feature +fp16fml -target-feature +fptoint -target-feature +fullfp16 -target-feature +jsconv -target-feature +lse -target-feature +neon -target-feature +pauth -target-feature +perfmon -target-feature +predres -target-feature +ras -target-feature +rcpc -target-feature +rdm -target-feature +sb -target-feature +sha2 -target-feature +sha3 -target-feature +specrestrict -target-feature +ssbs -target-abi darwinpcs -debugger-tuning=lldb -fdebug-compilation-dir=/Users/sunix/Documents/Hotel-RoomBooking-Management-System_OOP-Project_HCMUS/duckz/CMakeFiles/CMakeScratch/TryCompile-D4rEKa -target-linker-version 1167.5 -v -fcoverage-compilation-dir=/Users/sunix/Documents/Hotel-RoomBooking-Management-System_OOP-Project_HCMUS/duckz/CMakeFiles/CMakeScratch/TryCompile-D4rEKa -resource-dir /Library/Developer/CommandLineTools/usr/lib/clang/17 -dependency-file CMakeFiles/cmTC_9385b.dir/CMakeCXXCompilerABI.cpp.o.d -skip-unused-modulemap-deps -MT CMakeFiles/cmTC_9385b.dir/CMakeCXXCompilerABI.cpp.o -sys-header-deps -isysroot /Library/Developer/CommandLineTools/SDKs/MacOSX15.5.sdk -internal-isystem /Library/Developer/CommandLineTools/SDKs/MacOSX15.5.sdk/usr/include/c++/v1 -internal-isystem /Library/Developer/CommandLineTools/SDKs/MacOSX15.5.sdk/usr/local/include -internal-isystem /Library/Developer/CommandLineTools/usr/lib/clang/17/include -internal-externc-isystem /Library/Developer/CommandLineTools/SDKs/MacOSX15.5.sdk/usr/include -internal-externc-isystem /Library/Developer/CommandLineTools/usr/include -Wno-reorder-init-list -Wno-implicit-int-float-conversion -Wno-c99-designator -Wno-final-dtor-non-final-class -Wno-extra-semi-stmt -Wno-misleading-indentation -Wno-quoted-include-in-framework-header -Wno-implicit-fallthrough -Wno-enum-enum-conversion -Wno-enum-float-conversion -Wno-elaborated-enum-base -Wno-reserved-identifier -Wno-gnu-folding-constant -fdeprecated-macro -ferror-limit 19 -stack-protector 1 -fstack-check -mdarwin-stkchk-strong-link -fblocks -fencode-extended-block-signature -fregister-global-dtors-with-atexit -fgnuc-version=4.2.1 -fno-cxx-modules -fskip-odr-check-in-gmf -fcxx-exceptions -fexceptions -fmax-type-align=16 -fcommon -clang-vendor-feature=+disableNonDependentMemberExprInCurrentInstantiation -fno-odr-hash-protocols -clang-vendor-feature=+enableAggressiveVLAFolding -clang-vendor-feature=+revert09abecef7bbf -clang-vendor-feature=+thisNoAlignAttr -clang-vendor-feature=+thisNoNullAttr -clang-vendor-feature=+disableAtImportPrivateFrameworkInImplementationError -D__GCC_HAVE_DWARF2_CFI_ASM=1 -o CMakeFiles/cmTC_9385b.dir/CMakeCXXCompilerABI.cpp.o -x c++ /Users/sunix/miniconda3/lib/python3.13/site-packages/cmake/data/share/cmake-3.25/Modules/CMakeCXXCompilerABI.cpp
clang -cc1 version 17.0.0 (clang-1700.0.13.5) default target arm64-apple-darwin24.6.0
ignoring nonexistent directory "/Library/Developer/CommandLineTools/SDKs/MacOSX15.5.sdk/usr/local/include"
ignoring nonexistent directory "/Library/Developer/CommandLineTools/SDKs/MacOSX15.5.sdk/System/Library/SubFrameworks"
ignoring nonexistent directory "/Library/Developer/CommandLineTools/SDKs/MacOSX15.5.sdk/Library/Frameworks"
#include "..." search starts here:
#include <...> search starts here:
 /Library/Developer/CommandLineTools/SDKs/MacOSX15.5.sdk/usr/include/c++/v1
 /Library/Developer/CommandLineTools/usr/lib/clang/17/include
 /Library/Developer/CommandLineTools/SDKs/MacOSX15.5.sdk/usr/include
 /Library/Developer/CommandLineTools/usr/include
 /Library/Developer/CommandLineTools/SDKs/MacOSX15.5.sdk/System/Library/Frameworks (framework directory)
End of search list.
Linking CXX executable cmTC_9385b
/Users/sunix/miniconda3/lib/python3.13/site-packages/cmake/data/bin/cmake -E cmake_link_script CMakeFiles/cmTC_9385b.dir/link.txt --verbose=1
/Library/Developer/CommandLineTools/usr/bin/c++  -arch arm64 -isysroot /Library/Developer/CommandLineTools/SDKs/MacOSX15.5.sdk -Wl,-search_paths_first -Wl,-headerpad_max_install_names  -v -Wl,-v CMakeFiles/cmTC_9385b.dir/CMakeCXXCompilerABI.cpp.o -o cmTC_9385b 
Apple clang version 17.0.0 (clang-1700.0.13.5)
Target: arm64-apple-darwin24.6.0
Thread model: posix
InstalledDir: /Library/Developer/CommandLineTools/usr/bin
 "/Library/Developer/CommandLineTools/usr/bin/ld" -demangle -lto_library /Library/Developer/CommandLineTools/usr/lib/libLTO.dylib -dynamic -arch arm64 -platform_version macos 15.0.0 15.5 -syslibroot /Library/Developer/CommandLineTools/SDKs/MacOSX15.5.sdk -mllvm -enable-linkonceodr-outlining -o cmTC_9385b -search_paths_first -headerpad_max_install_names -v CMakeFiles/cmTC_9385b.dir/CMakeCXXCompilerABI.cpp.o -lc++ -lSystem /Library/Developer/CommandLineTools/usr/lib/clang/17/lib/darwin/libclang_rt.osx.a
@(#)PROGRAM:ld PROJECT:ld-1167.5
BUILD 01:45:05 Apr 30 2025
configured to support archs: armv6 armv7 armv7s arm64 arm64e arm64_32 i386 x86_64 x86_64h armv6m armv7k armv7m armv7em
will use ld-classic for: armv6 armv7 armv7s i386 armv6m armv7k armv7m armv7em
LTO support using: LLVM version 17.0.0 (static support for 29, runtime is 29)
TAPI support using: Apple TAPI version 17.0.0 (tapi-1700.0.3.5)
Library search paths:
	/Library/Developer/CommandLineTools/SDKs/MacOSX15.5.sdk/usr/lib
	/Library/Developer/CommandLineTools/SDKs/MacOSX15.5.sdk/usr/lib/swift
Framework search paths:
	/Library/Developer/CommandLineTools/SDKs/MacOSX15.5.sdk/System/Library/Frameworks



Parsed CXX implicit include dir info from above output: rv=done
  found start of include info
  found start of implicit include info
    add: [/Library/Developer/CommandLineTools/SDKs/MacOSX15.5.sdk/usr/include/c++/v1]
    add: [/Library/Developer/CommandLineTools/usr/lib/clang/17/include]
    add: [/Library/Developer/CommandLineTools/SDKs/MacOSX15.5.sdk/usr/include]
    add: [/Library/Developer/CommandLineTools/usr/include]
  end of search list found
  collapse include dir [/Library/Developer/CommandLineTools/SDKs/MacOSX15.5.sdk/usr/include/c++/v1] ==> [/Library/Developer/CommandLineTools/SDKs/MacOSX15.5.sdk/usr/include/c++/v1]
  collapse include dir [/Library/Developer/CommandLineTools/usr/lib/clang/17/include] ==> [/Library/Developer/CommandLineTools/usr/lib/clang/17/include]
  collapse include dir [/Library/Developer/CommandLineTools/SDKs/MacOSX15.5.sdk/usr/include] ==> [/Library/Developer/CommandLineTools/SDKs/MacOSX15.5.sdk/usr/include]
  collapse include dir [/Library/Developer/CommandLineTools/usr/include] ==> [/Library/Developer/CommandLineTools/usr/include]
  implicit include dirs: [/Library/Developer/CommandLineTools/SDKs/MacOSX15.5.sdk/usr/include/c++/v1;/Library/Developer/CommandLineTools/usr/lib/clang/17/include;/Library/Developer/CommandLineTools/SDKs/MacOSX15.5.sdk/usr/include;/Library/Developer/CommandLineTools/usr/include]


Parsed CXX implicit link information from above output:
  link line regex: [^( *|.*[/\])(ld|CMAKE_LINK_STARTFILE-NOTFOUND|([^/\]+-)?ld|collect2)[^/\]*( |$)]
  ignore line: [Change Dir: /Users/sunix/Documents/Hotel-RoomBooking-Management-System_OOP-Project_HCMUS/duckz/CMakeFiles/CMakeScratch/TryCompile-D4rEKa]
  ignore line: []
  ignore line: [Run Build Command(s):/usr/bin/make -f Makefile cmTC_9385b/fast && /Library/Developer/CommandLineTools/usr/bin/make  -f CMakeFiles/cmTC_9385b.dir/build.make CMakeFiles/cmTC_9385b.dir/build]
  ignore line: [Building CXX object CMakeFiles/cmTC_9385b.dir/CMakeCXXCompilerABI.cpp.o]
  ignore line: [/Library/Developer/CommandLineTools/usr/bin/c++   -arch arm64 -isysroot /Library/Developer/CommandLineTools/SDKs/MacOSX15.5.sdk   -v -Wl -v -MD -MT CMakeFiles/cmTC_9385b.dir/CMakeCXXCompilerABI.cpp.o -MF CMakeFiles/cmTC_9385b.dir/CMakeCXXCompilerABI.cpp.o.d -o CMakeFiles/cmTC_9385b.dir/CMakeCXXCompilerABI.cpp.o -c /Users/sunix/miniconda3/lib/python3.13/site-packages/cmake/data/share/cmake-3.25/Modules/CMakeCXXCompilerABI.cpp]
  ignore line: [Apple clang version 17.0.0 (clang-1700.0.13.5)]
  ignore line: [Target: arm64-apple-darwin24.6.0]
  ignore line: [Thread model: posix]
  ignore line: [InstalledDir: /Library/Developer/CommandLineTools/usr/bin]
  ignore line: [c++: warning: -Wl -v: 'linker' input unused [-Wunused-command-line-argument]]
  ignore line: [ignoring nonexistent directory "/Library/Developer/CommandLineTools/usr/bin/../include/c++/v1"]
  ignore line: [ "/Library/Developer/CommandLineTools/usr/bin/clang" -cc1 -triple arm64-apple-macosx15.0.0 -Wundef-prefix=TARGET_OS_ -Wdeprecated-objc-isa-usage -Werror=deprecated-objc-isa-usage -Werror=implicit-function-declaration -emit-obj -disable-free -clear-ast-before-backend -disable-llvm-verifier -discard-value-names -main-file-name CMakeCXXCompilerABI.cpp -mrelocation-model pic -pic-level 2 -mframe-pointer=non-leaf -fno-strict-return -ffp-contract=on -fno-rounding-math -funwind-tables=1 -fobjc-msgsend-selector-stubs -target-sdk-version=15.5 -fvisibility-inlines-hidden-static-local-var -fdefine-target-os-macros -fno-assume-unique-vtables -fno-modulemap-allow-subdirectory-search -target-cpu apple-m1 -target-feature +zcm -target-feature +zcz -target-feature +v8.5a -target-feature +aes -target-feature +altnzcv -target-feature +ccdp -target-feature +complxnum -target-feature +crc -target-feature +dotprod -target-feature +fp-armv8 -target-feature +fp16fml -target-feature +fptoint -target-feature +fullfp16 -target-feature +jsconv -target-feature +lse -target-feature +neon -target-feature +pauth -target-feature +perfmon -target-feature +predres -target-feature +ras -target-feature +rcpc -target-feature +rdm -target-feature +sb -target-feature +sha2 -target-feature +sha3 -target-feature +specrestrict -target-feature +ssbs -target-abi darwinpcs -debugger-tuning=lldb -fdebug-compilation-dir=/Users/sunix/Documents/Hotel-RoomBooking-Management-System_OOP-Project_HCMUS/duckz/CMakeFiles/CMakeScratch/TryCompile-D4rEKa -target-linker-version 1167.5 -v -fcoverage-compilation-dir=/Users/sunix/Documents/Hotel-RoomBooking-Management-System_OOP-Project_HCMUS/duckz/CMakeFiles/CMakeScratch/TryCompile-D4rEKa -resource-dir /Library/Developer/CommandLineTools/usr/lib/clang/17 -dependency-file CMakeFiles/cmTC_9385b.dir/CMakeCXXCompilerABI.cpp.o.d -skip-unused-modulemap-deps -MT CMakeFiles/cmTC_9385b.dir/CMakeCXXCompilerABI.cpp.o -sys-header-deps -isysroot /Library/Developer/CommandLineTools/SDKs/MacOSX15.5.sdk -internal-isystem /Library/Developer/CommandLineTools/SDKs/MacOSX15.5.sdk/usr/include/c++/v1 -internal-isystem /Library/Developer/CommandLineTools/SDKs/MacOSX15.5.sdk/usr/local/include -internal-isystem /Library/Developer/CommandLineTools/usr/lib/clang/17/include -internal-externc-isystem /Library/Developer/CommandLineTools/SDKs/MacOSX15.5.sdk/usr/include -internal-externc-isystem /Library/Developer/CommandLineTools/usr/include -Wno-reorder-init-list -Wno-implicit-int-float-conversion -Wno-c99-designator -Wno-final-dtor-non-final-class -Wno-extra-semi-stmt -Wno-misleading-indentation -Wno-quoted-include-in-framework-header -Wno-implicit-fallthrough -Wno-enum-enum-conversion -Wno-enum-float-conversion -Wno-elaborated-enum-base -Wno-reserved-identifier -Wno-gnu-folding-constant -fdeprecated-macro -ferror-limit 19 -stack-protector 1 -fstack-check -mdarwin-stkchk-strong-link -fblocks -fencode-extended-block-signature -fregister-global-dtors-with-atexit -fgnuc-version=4.2.1 -fno-cxx-modules -fskip-odr-check-in-gmf -fcxx-exceptions -fexceptions -fmax-type-align=16 -fcommon -clang-vendor-feature=+disableNonDependentMemberExprInCurrentInstantiation -fno-odr-hash-protocols -clang-vendor-feature=+enableAggressiveVLAFolding -clang-vendor-feature=+revert09abecef7bbf -clang-vendor-feature=+thisNoAlignAttr -clang-vendor-feature=+thisNoNullAttr -clang-vendor-feature=+disableAtImportPrivateFrameworkInImplementationError -D__GCC_HAVE_DWARF2_CFI_ASM=1 -o CMakeFiles/cmTC_9385b.dir/CMakeCXXCompilerABI.cpp.o -x c++ /Users/sunix/miniconda3/lib/python3.13/site-packages/cmake/data/share/cmake-3.25/Modules/CMakeCXXCompilerABI.cpp]
  ignore line: [clang -cc1 version 17.0.0 (clang-1700.0.13.5) default target arm64-apple-darwin24.6.0]
  ignore line: [ignoring nonexistent directory "/Library/Developer/CommandLineTools/SDKs/MacOSX15.5.sdk/usr/local/include"]
  ignore line: [ignoring nonexistent directory "/Library/Developer/CommandLineTools/SDKs/MacOSX15.5.sdk/System/Library/SubFrameworks"]
  ignore line: [ignoring nonexistent directory "/Library/Developer/CommandLineTools/SDKs/MacOSX15.5.sdk/Library/Frameworks"]
  ignore line: [#include "..." search starts here:]
  ignore line: [#include <...> search starts here:]
  ignore line: [ /Library/Developer/CommandLineTools/SDKs/MacOSX15.5.sdk/usr/include/c++/v1]
  ignore line: [ /Library/Developer/CommandLineTools/usr/lib/clang/17/include]
  ignore line: [ /Library/Developer/CommandLineTools/SDKs/MacOSX15.5.sdk/usr/include]
  ignore line: [ /Library/Developer/CommandLineTools/usr/include]
  ignore line: [ /Library/Developer/CommandLineTools/SDKs/MacOSX15.5.sdk/System/Library/Frameworks (framework directory)]
  ignore line: [End of search list.]
  ignore line: [Linking CXX executable cmTC_9385b]
  ignore line: [/Users/sunix/miniconda3/lib/python3.13/site-packages/cmake/data/bin/cmake -E cmake_link_script CMakeFiles/cmTC_9385b.dir/link.txt --verbose=1]
  ignore line: [/Library/Developer/CommandLineTools/usr/bin/c++  -arch arm64 -isysroot /Library/Developer/CommandLineTools/SDKs/MacOSX15.5.sdk -Wl -search_paths_first -Wl -headerpad_max_install_names  -v -Wl -v CMakeFiles/cmTC_9385b.dir/CMakeCXXCompilerABI.cpp.o -o cmTC_9385b ]
  ignore line: [Apple clang version 17.0.0 (clang-1700.0.13.5)]
  ignore line: [Target: arm64-apple-darwin24.6.0]
  ignore line: [Thread model: posix]
  ignore line: [InstalledDir: /Library/Developer/CommandLineTools/usr/bin]
  link line: [ "/Library/Developer/CommandLineTools/usr/bin/ld" -demangle -lto_library /Library/Developer/CommandLineTools/usr/lib/libLTO.dylib -dynamic -arch arm64 -platform_version macos 15.0.0 15.5 -syslibroot /Library/Developer/CommandLineTools/SDKs/MacOSX15.5.sdk -mllvm -enable-linkonceodr-outlining -o cmTC_9385b -search_paths_first -headerpad_max_install_names -v CMakeFiles/cmTC_9385b.dir/CMakeCXXCompilerABI.cpp.o -lc++ -lSystem /Library/Developer/CommandLineTools/usr/lib/clang/17/lib/darwin/libclang_rt.osx.a]
    arg [/Library/Developer/CommandLineTools/usr/bin/ld] ==> ignore
    arg [-demangle] ==> ignore
    arg [-lto_library] ==> ignore, skip following value
    arg [/Library/Developer/CommandLineTools/usr/lib/libLTO.dylib] ==> skip value of -lto_library
    arg [-dynamic] ==> ignore
    arg [-arch] ==> ignore
    arg [arm64] ==> ignore
    arg [-platform_version] ==> ignore
    arg [macos] ==> ignore
    arg [15.0.0] ==> ignore
    arg [15.5] ==> ignore
    arg [-syslibroot] ==> ignore
    arg [/Library/Developer/CommandLineTools/SDKs/MacOSX15.5.sdk] ==> ignore
    arg [-mllvm] ==> ignore
    arg [-enable-linkonceodr-outlining] ==> ignore
    arg [-o] ==> ignore
    arg [cmTC_9385b] ==> ignore
    arg [-search_paths_first] ==> ignore
    arg [-headerpad_max_install_names] ==> ignore
    arg [-v] ==> ignore
    arg [CMakeFiles/cmTC_9385b.dir/CMakeCXXCompilerABI.cpp.o] ==> ignore
    arg [-lc++] ==> lib [c++]
    arg [-lSystem] ==> lib [System]
    arg [/Library/Developer/CommandLineTools/usr/lib/clang/17/lib/darwin/libclang_rt.osx.a] ==> lib [/Library/Developer/CommandLineTools/usr/lib/clang/17/lib/darwin/libclang_rt.osx.a]
  Library search paths: [;/Library/Developer/CommandLineTools/SDKs/MacOSX15.5.sdk/usr/lib;/Library/Developer/CommandLineTools/SDKs/MacOSX15.5.sdk/usr/lib/swift]
  Framework search paths: [;/Library/Developer/CommandLineTools/SDKs/MacOSX15.5.sdk/System/Library/Frameworks]
  remove lib [System]
  remove lib [/Library/Developer/CommandLineTools/usr/lib/clang/17/lib/darwin/libclang_rt.osx.a]
  collapse library dir [/Library/Developer/CommandLineTools/SDKs/MacOSX15.5.sdk/usr/lib] ==> [/Library/Developer/CommandLineTools/SDKs/MacOSX15.5.sdk/usr/lib]
  collapse library dir [/Library/Developer/CommandLineTools/SDKs/MacOSX15.5.sdk/usr/lib/swift] ==> [/Library/Developer/CommandLineTools/SDKs/MacOSX15.5.sdk/usr/lib/swift]
  collapse framework dir [/Library/Developer/CommandLineTools/SDKs/MacOSX15.5.sdk/System/Library/Frameworks] ==> [/Library/Developer/CommandLineTools/SDKs/MacOSX15.5.sdk/System/Library/Frameworks]
  implicit libs: [c++]
  implicit objs: []
  implicit dirs: [/Library/Developer/CommandLineTools/SDKs/MacOSX15.5.sdk/usr/lib;/Library/Developer/CommandLineTools/SDKs/MacOSX15.5.sdk/usr/lib/swift]
  implicit fwks: [/Library/Developer/CommandLineTools/SDKs/MacOSX15.5.sdk/System/Library/Frameworks]


Performing C++ SOURCE FILE Test CMAKE_HAVE_LIBC_PTHREAD succeeded with the following output:
Change Dir: /Users/sunix/Documents/Hotel-RoomBooking-Management-System_OOP-Project_HCMUS/duckz/CMakeFiles/CMakeScratch/TryCompile-jcrAce

Run Build Command(s):/usr/bin/make -f Makefile cmTC_0a35c/fast && /Library/Developer/CommandLineTools/usr/bin/make  -f CMakeFiles/cmTC_0a35c.dir/build.make CMakeFiles/cmTC_0a35c.dir/build
Building CXX object CMakeFiles/cmTC_0a35c.dir/src.cxx.o
/Library/Developer/CommandLineTools/usr/bin/c++ -DCMAKE_HAVE_LIBC_PTHREAD  -arch arm64 -isysroot /Library/Developer/CommandLineTools/SDKs/MacOSX15.5.sdk -std=gnu++17 -MD -MT CMakeFiles/cmTC_0a35c.dir/src.cxx.o -MF CMakeFiles/cmTC_0a35c.dir/src.cxx.o.d -o CMakeFiles/cmTC_0a35c.dir/src.cxx.o -c /Users/sunix/Documents/Hotel-RoomBooking-Management-System_OOP-Project_HCMUS/duckz/CMakeFiles/CMakeScratch/TryCompile-jcrAce/src.cxx
Linking CXX executable cmTC_0a35c
/Users/sunix/miniconda3/lib/python3.13/site-packages/cmake/data/bin/cmake -E cmake_link_script CMakeFiles/cmTC_0a35c.dir/link.txt --verbose=1
/Library/Developer/CommandLineTools/usr/bin/c++  -arch arm64 -isysroot /Library/Developer/CommandLineTools/SDKs/MacOSX15.5.sdk -Wl,-search_paths_first -Wl,-headerpad_max_install_names CMakeFiles/cmTC_0a35c.dir/src.cxx.o -o cmTC_0a35c 


Source file was:
#include <pthread.h>

static void* test_func(void* data)
{
  return data;
}

int main(void)
{
  pthread_t thread;
  pthread_create(&thread, NULL, test_func, NULL);
  pthread_detach(thread);
  pthread_cancel(thread);
  pthread_join(thread, NULL);
  pthread_atfork(NULL, NULL, NULL);
  pthread_exit(NULL);

  return 0;
}


Performing C++ SOURCE FILE Test HAVE_STDATOMIC succeeded with the following output:
Change Dir: /Users/sunix/Documents/Hotel-RoomBooking-Management-System_OOP-Project_HCMUS/duckz/CMakeFiles/CMakeScratch/TryCompile-oqJA6B

Run Build Command(s):/usr/bin/make -f Makefile cmTC_4bf63/fast && /Library/Developer/CommandLineTools/usr/bin/make  -f CMakeFiles/cmTC_4bf63.dir/build.make CMakeFiles/cmTC_4bf63.dir/build
Building CXX object CMakeFiles/cmTC_4bf63.dir/src.cxx.o
/Library/Developer/CommandLineTools/usr/bin/c++ -DHAVE_STDATOMIC  -arch arm64 -isysroot /Library/Developer/CommandLineTools/SDKs/MacOSX15.5.sdk -std=gnu++17 -MD -MT CMakeFiles/cmTC_4bf63.dir/src.cxx.o -MF CMakeFiles/cmTC_4bf63.dir/src.cxx.o.d -o CMakeFiles/cmTC_4bf63.dir/src.cxx.o -c /Users/sunix/Documents/Hotel-RoomBooking-Management-System_OOP-Project_HCMUS/duckz/CMakeFiles/CMakeScratch/TryCompile-oqJA6B/src.cxx
Linking CXX executable cmTC_4bf63
/Users/sunix/miniconda3/lib/python3.13/site-packages/cmake/data/bin/cmake -E cmake_link_script CMakeFiles/cmTC_4bf63.dir/link.txt --verbose=1
/Library/Developer/CommandLineTools/usr/bin/c++  -arch arm64 -isysroot /Library/Developer/CommandLineTools/SDKs/MacOSX15.5.sdk -Wl,-search_paths_first -Wl,-headerpad_max_install_names CMakeFiles/cmTC_4bf63.dir/src.cxx.o -o cmTC_4bf63 


Source file was:
#include <atomic>
#include <cstdint>

int main(int, char **)
{
    volatile std::atomic<char>    size_1;
    volatile std::atomic<short>   size_2;
    volatile std::atomic<int>     size_4;
    volatile std::atomic<int64_t> size_8;

    ++size_1;
    ++size_2;
    ++size_4;
    ++size_8;

    (void)size_1.load(std::memory_order_relaxed);
    (void)size_2.load(std::memory_order_relaxed);
    (void)size_4.load(std::memory_order_relaxed);
    (void)size_8.load(std::memory_order_relaxed);

    return 0;
}

