c:\users\duy\onedrive\desktop\oop (th)\mid-term project\hotel-roombooking-management-system_oop-project_hcmus\build\hotel_management.dir\debug\vc143.pdb
c:\users\duy\onedrive\desktop\oop (th)\mid-term project\hotel-roombooking-management-system_oop-project_hcmus\build\hotel_management.dir\debug\serviceitemrepository.obj
c:\users\duy\onedrive\desktop\oop (th)\mid-term project\hotel-roombooking-management-system_oop-project_hcmus\build\hotel_management.dir\debug\serviceitem.obj
c:\users\duy\onedrive\desktop\oop (th)\mid-term project\hotel-roombooking-management-system_oop-project_hcmus\build\hotel_management.dir\debug\roomrepository.obj
c:\users\duy\onedrive\desktop\oop (th)\mid-term project\hotel-roombooking-management-system_oop-project_hcmus\build\hotel_management.dir\debug\room.obj
c:\users\duy\onedrive\desktop\oop (th)\mid-term project\hotel-roombooking-management-system_oop-project_hcmus\build\hotel_management.dir\debug\derivedrooms.obj
c:\users\duy\onedrive\desktop\oop (th)\mid-term project\hotel-roombooking-management-system_oop-project_hcmus\build\hotel_management.dir\debug\observer.obj
c:\users\duy\onedrive\desktop\oop (th)\mid-term project\hotel-roombooking-management-system_oop-project_hcmus\build\hotel_management.dir\debug\invoicerepository.obj
c:\users\duy\onedrive\desktop\oop (th)\mid-term project\hotel-roombooking-management-system_oop-project_hcmus\build\hotel_management.dir\debug\databasemanager.obj
c:\users\duy\onedrive\desktop\oop (th)\mid-term project\hotel-roombooking-management-system_oop-project_hcmus\build\hotel_management.dir\debug\dashboardservice.obj
c:\users\duy\onedrive\desktop\oop (th)\mid-term project\hotel-roombooking-management-system_oop-project_hcmus\build\hotel_management.dir\debug\billingservice.obj
c:\users\duy\onedrive\desktop\oop (th)\mid-term project\hotel-roombooking-management-system_oop-project_hcmus\build\hotel_management.dir\debug\membershippolicy.obj
c:\users\duy\onedrive\desktop\oop (th)\mid-term project\hotel-roombooking-management-system_oop-project_hcmus\build\hotel_management.dir\debug\customerrepository.obj
c:\users\duy\onedrive\desktop\oop (th)\mid-term project\hotel-roombooking-management-system_oop-project_hcmus\build\hotel_management.dir\debug\customer.obj
c:\users\duy\onedrive\desktop\oop (th)\mid-term project\hotel-roombooking-management-system_oop-project_hcmus\build\hotel_management.dir\debug\bookingrepository.obj
c:\users\duy\onedrive\desktop\oop (th)\mid-term project\hotel-roombooking-management-system_oop-project_hcmus\build\hotel_management.dir\debug\bookingfactory.obj
c:\users\duy\onedrive\desktop\oop (th)\mid-term project\hotel-roombooking-management-system_oop-project_hcmus\build\hotel_management.dir\debug\booking.obj
c:\users\duy\onedrive\desktop\oop (th)\mid-term project\hotel-roombooking-management-system_oop-project_hcmus\build\hotel_management.dir\debug\mocs_compilation_debug.obj
c:\users\duy\onedrive\desktop\oop (th)\mid-term project\hotel-roombooking-management-system_oop-project_hcmus\build\cmakefiles\generate.stamp
c:\users\duy\onedrive\desktop\oop (th)\mid-term project\hotel-roombooking-management-system_oop-project_hcmus\build\hotel_management.dir\debug\hotel_management.tlog\cl.command.1.tlog
c:\users\duy\onedrive\desktop\oop (th)\mid-term project\hotel-roombooking-management-system_oop-project_hcmus\build\hotel_management.dir\debug\hotel_management.tlog\cl.read.1.tlog
c:\users\duy\onedrive\desktop\oop (th)\mid-term project\hotel-roombooking-management-system_oop-project_hcmus\build\hotel_management.dir\debug\hotel_management.tlog\cl.write.1.tlog
c:\users\duy\onedrive\desktop\oop (th)\mid-term project\hotel-roombooking-management-system_oop-project_hcmus\build\hotel_management.dir\debug\hotel_management.tlog\custombuild.command.1.tlog
c:\users\duy\onedrive\desktop\oop (th)\mid-term project\hotel-roombooking-management-system_oop-project_hcmus\build\hotel_management.dir\debug\hotel_management.tlog\custombuild.read.1.tlog
c:\users\duy\onedrive\desktop\oop (th)\mid-term project\hotel-roombooking-management-system_oop-project_hcmus\build\hotel_management.dir\debug\hotel_management.tlog\custombuild.write.1.tlog
